-- Install extension pg_login_stat to track login statistics
CREATE EXTENSION pg_login_stat;
CREATE EXTENSION dblink;
show shared_preload_libraries;
 shared_preload_libraries 
--------------------------
 pg_login_stat
(1 row)

\dx pg_login_stat
                                            List of installed extensions
     Name      | Version | Schema |                                   Description                                    
---------------+---------+--------+----------------------------------------------------------------------------------
 pg_login_stat | 1.0     | public | Track PostgreSQL login statistics (successes and failures) per user and database
(1 row)

-- tester user to log in and generate statistics
CREATE USER tester WITH PASSWORD 'secret123' SUPERUSER;
GRANT CONNECT ON DATABASE postgres TO tester;
-- allow to user tester see the statistics
GRANT EXECUTE ON FUNCTION pg_login_stat() TO tester;
GRANT SELECT ON pg_login_stats TO tester;
-- allow to user tester see reset statistics
GRANT EXECUTE ON FUNCTION pg_login_stat_reset() TO tester;
--
--connect to the database with the tester user to generate  OK login statistics
--
\c "dbname=contrib_regression user=tester password=secret123   sslmode=disable"
select current_database();
  current_database  
--------------------
 contrib_regression
(1 row)

--
--connect to the database with the tester user to generate  OK login statistics
--
\c "dbname=contrib_regression user=tester password=secret123 sslmode=disable"
--
--connect to the database with the test user to generate  FAIL login statistics using dblink
--
DO $$
BEGIN
    PERFORM dblink_connect(
        'dbname=contrib_regression user=tester password=WRONG'
    );
EXCEPTION WHEN OTHERS THEN
    RAISE NOTICE 'Login failed as expected: Message: %', SQLERRM;
END;
$$;
NOTICE:  Login failed as expected: Message: could not establish connection
--
--get login statistics for the tester user
--
SELECT username, datname, login_ok, login_fail FROM pg_login_stats where username='tester';
 username |      datname       | login_ok | login_fail 
----------+--------------------+----------+------------
 tester   | contrib_regression |        2 |          1
(1 row)

--
--reset statistics
--
SELECT pg_login_stat_reset();
 pg_login_stat_reset 
---------------------
 
(1 row)

--
--get login statistics for the tester user after reset
--
SELECT username, datname, login_ok, login_fail FROM pg_login_stats where username='tester';
 username | datname | login_ok | login_fail 
----------+---------+----------+------------
(0 rows)

--
--disable the extension that captures login statistics
--
ALTER SYSTEM SET pg_login_stat.enable = off;
select pg_reload_conf();
 pg_reload_conf 
----------------
 t
(1 row)

SELECT pg_login_stat_reset();
 pg_login_stat_reset 
---------------------
 
(1 row)

--
--connect to the database with the tester user to check login statistics with extension disabled
--
\c "dbname=contrib_regression user=tester password=secret123 sslmode=disable"
--
--get login statistics for the tester user with the extension disabled
--
SELECT username, datname, login_ok, login_fail FROM pg_login_stats where username='tester';
 username | datname | login_ok | login_fail 
----------+---------+----------+------------
(0 rows)

--cleanup
DROP EXTENSION pg_login_stat;
DROP EXTENSION dblink;
